[2024-09-16T17:47:03.915+0000] {manager.py:486} INFO - Processing files using up to 2 processes at a time 
[2024-09-16T17:47:03.916+0000] {manager.py:487} INFO - Process each file at most once every 30 seconds
[2024-09-16T17:47:03.916+0000] {manager.py:488} INFO - Checking for new files in /opt/airflow/dags every 300 seconds
[2024-09-16T17:47:03.917+0000] {manager.py:832} INFO - Searching for files in /opt/airflow/dags
[2024-09-16T17:47:03.917+0000] {manager.py:835} INFO - There are 0 files in /opt/airflow/dags
[2024-09-16T17:47:07.037+0000] {manager.py:468} INFO - Exiting gracefully upon receiving signal 15
[2024-09-16T17:47:14.556+0000] {manager.py:486} INFO - Processing files using up to 2 processes at a time 
[2024-09-16T17:47:14.557+0000] {manager.py:487} INFO - Process each file at most once every 30 seconds
[2024-09-16T17:47:14.558+0000] {manager.py:488} INFO - Checking for new files in /opt/airflow/dags every 300 seconds
[2024-09-16T17:47:14.558+0000] {manager.py:832} INFO - Searching for files in /opt/airflow/dags
[2024-09-16T17:47:14.560+0000] {manager.py:835} INFO - There are 0 files in /opt/airflow/dags
[2024-09-16T17:48:05.339+0000] {manager.py:486} INFO - Processing files using up to 2 processes at a time 
[2024-09-16T17:48:05.340+0000] {manager.py:487} INFO - Process each file at most once every 30 seconds
[2024-09-16T17:48:05.340+0000] {manager.py:488} INFO - Checking for new files in /opt/airflow/dags every 300 seconds
[2024-09-16T17:48:05.340+0000] {manager.py:832} INFO - Searching for files in /opt/airflow/dags
[2024-09-16T17:48:05.341+0000] {manager.py:835} INFO - There are 0 files in /opt/airflow/dags
[2024-09-16T17:50:17.708+0000] {manager.py:486} INFO - Processing files using up to 2 processes at a time 
[2024-09-16T17:50:17.709+0000] {manager.py:487} INFO - Process each file at most once every 30 seconds
[2024-09-16T17:50:17.710+0000] {manager.py:488} INFO - Checking for new files in /opt/airflow/dags every 300 seconds
[2024-09-16T17:50:17.712+0000] {manager.py:832} INFO - Searching for files in /opt/airflow/dags
[2024-09-16T17:50:17.714+0000] {manager.py:835} INFO - There are 0 files in /opt/airflow/dags
